Using pre-set license
Built from '2020.3/release' branch; Version is '2020.3.34f1 (9a4c9c70452b) revision 10112156'; Using compiler version '192528614'; Build Type 'Release'
OS: 'Windows 11  (10.0.22000) 64bit CoreSingleLanguage' Language: 'en' Physical Memory: 16111 MB
BatchMode: 1, IsHumanControllingUs: 0, StartBugReporterOnCrash: 0, Is64bit: 1, IsPro: 0

COMMAND LINE ARGUMENTS:
D:\Unity\2020.3.34f1\Editor\Unity.exe
-adb2
-batchMode
-noUpm
-name
AssetImportWorker0
-projectPath
D:/Vitage/GunSimu
-logFile
Logs/AssetImportWorker0.log
-srvPort
59049
Successfully changed project path to: D:/Vitage/GunSimu
D:/Vitage/GunSimu
Using Asset Import Pipeline V2.
Refreshing native plugins compatible for Editor in 137.81 ms, found 6 plugins.
Preloading 0 native plugins for Editor in 0.00 ms.
Initialize engine version: 2020.3.34f1 (9a4c9c70452b)
[Subsystems] Discovering subsystems at path D:/Unity/2020.3.34f1/Editor/Data/Resources/UnitySubsystems
[Subsystems] Discovering subsystems at path D:/Vitage/GunSimu/Assets
GfxDevice: creating device client; threaded=0
Direct3D:
    Version:  Direct3D 11.0 [level 11.1]
    Renderer: NVIDIA GeForce GTX 1650 (ID=0x1f91)
    Vendor:   
    VRAM:     3964 MB
    Driver:   31.0.15.1700
Initialize mono
Mono path[0] = 'D:/Unity/2020.3.34f1/Editor/Data/Managed'
Mono path[1] = 'D:/Unity/2020.3.34f1/Editor/Data/MonoBleedingEdge/lib/mono/unityjit'
Mono config path = 'D:/Unity/2020.3.34f1/Editor/Data/MonoBleedingEdge/etc'
Using monoOptions --debugger-agent=transport=dt_socket,embedding=1,server=y,suspend=n,address=127.0.0.1:56916
Begin MonoManager ReloadAssembly
Registering precompiled unity dll's ...
Register platform support module: D:/Unity/2020.3.34f1/Editor/Data/PlaybackEngines/WindowsStandaloneSupport/UnityEditor.WindowsStandalone.Extensions.dll
Registered in 0.001001 seconds.
Native extension for WindowsStandalone target not found
Refreshing native plugins compatible for Editor in 68.85 ms, found 6 plugins.
Preloading 0 native plugins for Editor in 0.00 ms.
Mono: successfully reloaded assembly
- Completed reload, in  0.701 seconds
Domain Reload Profiling:
	ReloadAssembly (702ms)
		BeginReloadAssembly (73ms)
			ExecutionOrderSort (0ms)
			DisableScriptedObjects (0ms)
			BackupInstance (0ms)
			ReleaseScriptingObjects (0ms)
			CreateAndSetChildDomain (1ms)
		EndReloadAssembly (557ms)
			LoadAssemblies (72ms)
			RebuildTransferFunctionScriptingTraits (0ms)
			SetupTypeCache (174ms)
			ReleaseScriptCaches (0ms)
			RebuildScriptCaches (36ms)
			SetupLoadedEditorAssemblies (217ms)
				LogAssemblyErrors (0ms)
				InitializePlatformSupportModulesInManaged (4ms)
				SetLoadedEditorAssemblies (0ms)
				RefreshPlugins (69ms)
				BeforeProcessingInitializeOnLoad (19ms)
				ProcessInitializeOnLoadAttributes (90ms)
				ProcessInitializeOnLoadMethodAttributes (34ms)
				AfterProcessingInitializeOnLoad (0ms)
				EditorAssembliesLoaded (0ms)
			ExecutionOrderSort2 (0ms)
			AwakeInstancesAfterBackupRestoration (0ms)
Platform modules already initialized, skipping
Registering precompiled user dll's ...
Registered in 0.021097 seconds.
Begin MonoManager ReloadAssembly
Native extension for WindowsStandalone target not found
Refreshing native plugins compatible for Editor in 74.27 ms, found 6 plugins.
Preloading 0 native plugins for Editor in 0.00 ms.
Mono: successfully reloaded assembly
- Completed reload, in  1.428 seconds
Domain Reload Profiling:
	ReloadAssembly (1429ms)
		BeginReloadAssembly (162ms)
			ExecutionOrderSort (0ms)
			DisableScriptedObjects (6ms)
			BackupInstance (0ms)
			ReleaseScriptingObjects (0ms)
			CreateAndSetChildDomain (19ms)
		EndReloadAssembly (1215ms)
			LoadAssemblies (116ms)
			RebuildTransferFunctionScriptingTraits (0ms)
			SetupTypeCache (362ms)
			ReleaseScriptCaches (1ms)
			RebuildScriptCaches (66ms)
			SetupLoadedEditorAssemblies (454ms)
				LogAssemblyErrors (0ms)
				InitializePlatformSupportModulesInManaged (3ms)
				SetLoadedEditorAssemblies (1ms)
				RefreshPlugins (74ms)
				BeforeProcessingInitializeOnLoad (92ms)
				ProcessInitializeOnLoadAttributes (259ms)
				ProcessInitializeOnLoadMethodAttributes (23ms)
				AfterProcessingInitializeOnLoad (2ms)
				EditorAssembliesLoaded (0ms)
			ExecutionOrderSort2 (0ms)
			AwakeInstancesAfterBackupRestoration (3ms)
Platform modules already initialized, skipping
========================================================================
Worker process is ready to serve import requests
Launched and connected shader compiler UnityShaderCompiler.exe after 0.04 seconds
Refreshing native plugins compatible for Editor in 1.85 ms, found 6 plugins.
Preloading 0 native plugins for Editor in 0.00 ms.
Unloading 2893 Unused Serialized files (Serialized files now loaded: 0)
System memory in use before: 122.6 MB.
System memory in use after: 122.8 MB.

Unloading 331 unused Assets to reduce memory usage. Loaded Objects now: 3063.
Total: 3.467700 ms (FindLiveObjects: 0.205300 ms CreateObjectMapping: 0.112200 ms MarkObjects: 2.999100 ms  DeleteObjects: 0.150400 ms)

AssetImportParameters requested are different than current active one (requested -> active):
  custom:framework-win-MediaFoundation: 216162199b28c13a410421893ffa2e32 -> 
  custom:video-decoder-ogg-theora: a1e56fd34408186e4bbccfd4996cb3dc -> 
  custom:container-muxer-webm: aa71ff27fc2769a1b78a27578f13a17b -> 
  custom:container-demuxer-webm: 4f35f7cbe854078d1ac9338744f61a02 -> 
  custom:container-demuxer-ogg: 62fdf1f143b41e24485cea50d1cbac27 -> 
  custom:video-encoder-webm-vp8: eb34c28f22e8b96e1ab97ce403110664 -> 
  custom:video-codec-MediaFoundation-h265: 746d11721c4dcdbdad8f713fa42b33f4 -> 
  custom:video-decoder-webm-vp8: 9c59270c3fd7afecdb556c50c9e8de78 -> 
  custom:audio-decoder-ogg-vorbis: bf7c407c2cedff20999df2af8eb42d56 -> 
  custom:audio-encoder-webm-vorbis: bf7c407c2cedff20999df2af8eb42d56 -> 
========================================================================
Received Import Request.
  path: Assets/_Projects/Scenes/MainScene.unity
  artifactKey: Guid(2cda990e2423bbf4892e6590ba056729) Importer(815301076,1909f56bfc062723c751e8b465ee728b)
Start importing Assets/_Projects/Scenes/MainScene.unity using Guid(2cda990e2423bbf4892e6590ba056729) Importer(815301076,1909f56bfc062723c751e8b465ee728b)  -> (artifact id: 'edb2929d92fdea7c19bb10e8c5da8d29') in 0.004464 seconds 
========================================================================
Received Import Request.
  Time since last request: 0.000286 seconds.
  path: Assets/_Projects/Scenes/SplashScene.unity
  artifactKey: Guid(d89ad01a93f6b74419acc09ae912c0a3) Importer(815301076,1909f56bfc062723c751e8b465ee728b)
Start importing Assets/_Projects/Scenes/SplashScene.unity using Guid(d89ad01a93f6b74419acc09ae912c0a3) Importer(815301076,1909f56bfc062723c751e8b465ee728b)  -> (artifact id: '497d5dc59989632840ac72e34bf928af') in 0.003055 seconds 
========================================================================
Received Prepare
Refreshing native plugins compatible for Editor in 42.25 ms, found 6 plugins.
Preloading 0 native plugins for Editor in 0.00 ms.
Unloading 249 Unused Serialized files (Serialized files now loaded: 0)
System memory in use before: 68.4 MB.
System memory in use after: 68.6 MB.

Unloading 249 unused Assets to reduce memory usage. Loaded Objects now: 3063.
Total: 3.442200 ms (FindLiveObjects: 0.191600 ms CreateObjectMapping: 0.101000 ms MarkObjects: 3.105800 ms  DeleteObjects: 0.043000 ms)

AssetImportParameters requested are different than current active one (requested -> active):
  custom:framework-win-MediaFoundation: 216162199b28c13a410421893ffa2e32 -> 
  custom:video-decoder-ogg-theora: a1e56fd34408186e4bbccfd4996cb3dc -> 
  custom:container-muxer-webm: aa71ff27fc2769a1b78a27578f13a17b -> 
  custom:container-demuxer-webm: 4f35f7cbe854078d1ac9338744f61a02 -> 
  custom:container-demuxer-ogg: 62fdf1f143b41e24485cea50d1cbac27 -> 
  custom:video-encoder-webm-vp8: eb34c28f22e8b96e1ab97ce403110664 -> 
  custom:video-codec-MediaFoundation-h265: 746d11721c4dcdbdad8f713fa42b33f4 -> 
  custom:video-decoder-webm-vp8: 9c59270c3fd7afecdb556c50c9e8de78 -> 
  custom:audio-decoder-ogg-vorbis: bf7c407c2cedff20999df2af8eb42d56 -> 
  custom:audio-encoder-webm-vorbis: bf7c407c2cedff20999df2af8eb42d56 -> 
========================================================================
Received Import Request.
  Time since last request: 19.599812 seconds.
  path: Assets/_Projects/Sprites/Demo/banner-main.png
  artifactKey: Guid(7205591068cc2ca4e91cfef7d22ca6cc) Importer(815301076,1909f56bfc062723c751e8b465ee728b)
Start importing Assets/_Projects/Sprites/Demo/banner-main.png using Guid(7205591068cc2ca4e91cfef7d22ca6cc) Importer(815301076,1909f56bfc062723c751e8b465ee728b)  -> (artifact id: '5912e3ed1acce6239848ce4236d8683c') in 0.101035 seconds 
========================================================================
Received Import Request.
  Time since last request: 0.140181 seconds.
  path: Assets/_Projects/Sprites/png/banner-main.png
  artifactKey: Guid(b4fc7108b150d614fa0dfbdc4a60a9a7) Importer(815301076,1909f56bfc062723c751e8b465ee728b)
Start importing Assets/_Projects/Sprites/png/banner-main.png using Guid(b4fc7108b150d614fa0dfbdc4a60a9a7) Importer(815301076,1909f56bfc062723c751e8b465ee728b)  -> (artifact id: '2d5d28d4afec356d5d84a191ce897946') in 0.010756 seconds 
========================================================================
Received Import Request.
  Time since last request: 0.193955 seconds.
  path: Assets/_Projects/Sprites/png 1/banner-main.png
  artifactKey: Guid(5a7e04424958be349807ba74cdf52073) Importer(815301076,1909f56bfc062723c751e8b465ee728b)
Start importing Assets/_Projects/Sprites/png 1/banner-main.png using Guid(5a7e04424958be349807ba74cdf52073) Importer(815301076,1909f56bfc062723c751e8b465ee728b)  -> (artifact id: '5ec15ee075a86f1138440264e825ee8c') in 0.007599 seconds 
========================================================================
Received Import Request.
  Time since last request: 0.214401 seconds.
  path: Assets/_Projects/Sprites/png 2/banner-main.png
  artifactKey: Guid(95871dc5d6052cd4eb6eba4ae8098dec) Importer(815301076,1909f56bfc062723c751e8b465ee728b)
Start importing Assets/_Projects/Sprites/png 2/banner-main.png using Guid(95871dc5d6052cd4eb6eba4ae8098dec) Importer(815301076,1909f56bfc062723c751e8b465ee728b)  -> (artifact id: 'f7d415bc8ca504e82d72460fd19295bc') in 0.007286 seconds 
========================================================================
Received Prepare
Registering precompiled user dll's ...
Registered in 0.018000 seconds.
Begin MonoManager ReloadAssembly
Native extension for WindowsStandalone target not found
Refreshing native plugins compatible for Editor in 2.34 ms, found 6 plugins.
Preloading 0 native plugins for Editor in 0.00 ms.
Mono: successfully reloaded assembly
- Completed reload, in  1.575 seconds
Domain Reload Profiling:
	ReloadAssembly (1576ms)
		BeginReloadAssembly (116ms)
			ExecutionOrderSort (0ms)
			DisableScriptedObjects (6ms)
			BackupInstance (0ms)
			ReleaseScriptingObjects (0ms)
			CreateAndSetChildDomain (42ms)
		EndReloadAssembly (1407ms)
			LoadAssemblies (113ms)
			RebuildTransferFunctionScriptingTraits (0ms)
			SetupTypeCache (338ms)
			ReleaseScriptCaches (1ms)
			RebuildScriptCaches (55ms)
			SetupLoadedEditorAssemblies (768ms)
				LogAssemblyErrors (0ms)
				InitializePlatformSupportModulesInManaged (5ms)
				SetLoadedEditorAssemblies (1ms)
				RefreshPlugins (2ms)
				BeforeProcessingInitializeOnLoad (121ms)
				ProcessInitializeOnLoadAttributes (616ms)
				ProcessInitializeOnLoadMethodAttributes (21ms)
				AfterProcessingInitializeOnLoad (2ms)
				EditorAssembliesLoaded (0ms)
			ExecutionOrderSort2 (0ms)
			AwakeInstancesAfterBackupRestoration (7ms)
Platform modules already initialized, skipping
Switching build target platform(19) subTarget(0) extendedPlatform(0) -> platform(13) subTarget(537395200) extendedPlatform(0)
Refreshing native plugins compatible for Editor in 2.24 ms, found 6 plugins.
Preloading 0 native plugins for Editor in 0.00 ms.
Unloading 2978 Unused Serialized files (Serialized files now loaded: 0)
System memory in use before: 127.6 MB.
System memory in use after: 127.8 MB.

Unloading 538 unused Assets to reduce memory usage. Loaded Objects now: 3074.
Total: 3.747600 ms (FindLiveObjects: 0.260800 ms CreateObjectMapping: 0.122300 ms MarkObjects: 3.159200 ms  DeleteObjects: 0.204500 ms)

AssetImportParameters requested are different than current active one (requested -> active):
  custom:framework-win-MediaFoundation: 216162199b28c13a410421893ffa2e32 -> 
  custom:video-decoder-ogg-theora: a1e56fd34408186e4bbccfd4996cb3dc -> 
  custom:container-muxer-webm: aa71ff27fc2769a1b78a27578f13a17b -> 
  custom:container-demuxer-webm: 4f35f7cbe854078d1ac9338744f61a02 -> 
  custom:container-demuxer-ogg: 62fdf1f143b41e24485cea50d1cbac27 -> 
  custom:video-encoder-webm-vp8: eb34c28f22e8b96e1ab97ce403110664 -> 
  custom:video-codec-MediaFoundation-h265: 746d11721c4dcdbdad8f713fa42b33f4 -> 
  custom:video-decoder-webm-vp8: 9c59270c3fd7afecdb556c50c9e8de78 -> 
  custom:graphics/normal-map-encoding: 01000000000000000000000000000000 -> 02000000000000000000000000000000
  custom:audio-decoder-ogg-vorbis: bf7c407c2cedff20999df2af8eb42d56 -> 
  custom:audio-encoder-webm-vorbis: bf7c407c2cedff20999df2af8eb42d56 -> 
========================================================================
Received Prepare
Refreshing native plugins compatible for Editor in 40.40 ms, found 6 plugins.
Preloading 0 native plugins for Editor in 0.00 ms.
Unloading 249 Unused Serialized files (Serialized files now loaded: 0)
System memory in use before: 72.2 MB.
System memory in use after: 72.4 MB.

Unloading 249 unused Assets to reduce memory usage. Loaded Objects now: 3074.
Total: 3.406200 ms (FindLiveObjects: 0.179400 ms CreateObjectMapping: 0.114700 ms MarkObjects: 3.057300 ms  DeleteObjects: 0.054100 ms)

AssetImportParameters requested are different than current active one (requested -> active):
  custom:framework-win-MediaFoundation: 216162199b28c13a410421893ffa2e32 -> 
  custom:video-decoder-ogg-theora: a1e56fd34408186e4bbccfd4996cb3dc -> 
  custom:container-muxer-webm: aa71ff27fc2769a1b78a27578f13a17b -> 
  custom:container-demuxer-webm: 4f35f7cbe854078d1ac9338744f61a02 -> 
  custom:container-demuxer-ogg: 62fdf1f143b41e24485cea50d1cbac27 -> 
  custom:video-encoder-webm-vp8: eb34c28f22e8b96e1ab97ce403110664 -> 
  custom:video-codec-MediaFoundation-h265: 746d11721c4dcdbdad8f713fa42b33f4 -> 
  custom:video-decoder-webm-vp8: 9c59270c3fd7afecdb556c50c9e8de78 -> 
  custom:audio-decoder-ogg-vorbis: bf7c407c2cedff20999df2af8eb42d56 -> 
  custom:audio-encoder-webm-vorbis: bf7c407c2cedff20999df2af8eb42d56 -> 
========================================================================
Received Import Request.
  Time since last request: 332.749782 seconds.
  path: Assets/External/TeraJet/Plugins/NiceVibration/Common/Plugins/Android/AndroidManifest.xml
  artifactKey: Guid(381a7af7ed6ac314db34d78323925e29) Importer(815301076,1909f56bfc062723c751e8b465ee728b)
Start importing Assets/External/TeraJet/Plugins/NiceVibration/Common/Plugins/Android/AndroidManifest.xml using Guid(381a7af7ed6ac314db34d78323925e29) Importer(815301076,1909f56bfc062723c751e8b465ee728b)  -> (artifact id: 'ee445766bfda8c59943a30bad70c962f') in 0.026007 seconds 
========================================================================
Received Import Request.
  Time since last request: 92.209565 seconds.
  path: Assets/AndroidNativeCore/Plugins/Android/AndroidNativeCore.dll
  artifactKey: Guid(652bb62d46e957b48819868dfa929f92) Importer(815301076,1909f56bfc062723c751e8b465ee728b)
Start importing Assets/AndroidNativeCore/Plugins/Android/AndroidNativeCore.dll using Guid(652bb62d46e957b48819868dfa929f92) Importer(815301076,1909f56bfc062723c751e8b465ee728b)  -> (artifact id: 'ff9504cee6f1fbc86c21ff4c3f353ede') in 0.004929 seconds 
========================================================================
Received Import Request.
  Time since last request: 0.741071 seconds.
  path: Assets/Plugins/Android/AndroidManifest.xml
  artifactKey: Guid(cd6eee4a5b046394382cbc38405765c8) Importer(815301076,1909f56bfc062723c751e8b465ee728b)
Start importing Assets/Plugins/Android/AndroidManifest.xml using Guid(cd6eee4a5b046394382cbc38405765c8) Importer(815301076,1909f56bfc062723c751e8b465ee728b)  -> (artifact id: 'f00c5d22b0111ab33c504cb133f4b4ff') in 0.002103 seconds 
========================================================================
Received Import Request.
  Time since last request: 133.636992 seconds.
  path: Assets/External/TeraJet/Plugins/NiceVibration/Demos/_Common/Fonts/BIG JOHN.otf
  artifactKey: Guid(e61bac296299c1ceea9953a733858e3c) Importer(815301076,1909f56bfc062723c751e8b465ee728b)
Start importing Assets/External/TeraJet/Plugins/NiceVibration/Demos/_Common/Fonts/BIG JOHN.otf using Guid(e61bac296299c1ceea9953a733858e3c) Importer(815301076,1909f56bfc062723c751e8b465ee728b)  -> (artifact id: 'e7451999c0964c79d8fdcee7afcc0258') in 0.073503 seconds 
========================================================================
Received Import Request.
  Time since last request: 0.000344 seconds.
  path: Assets/_Projects/Fonts/CC Ultimatum Regular Italic.otf
  artifactKey: Guid(fca4367501b20174eae3ab2a4f9951f6) Importer(815301076,1909f56bfc062723c751e8b465ee728b)
Start importing Assets/_Projects/Fonts/CC Ultimatum Regular Italic.otf using Guid(fca4367501b20174eae3ab2a4f9951f6) Importer(815301076,1909f56bfc062723c751e8b465ee728b)  -> (artifact id: '7d86d2fc0683172e6e972368aa558079') in 0.011193 seconds 
========================================================================
Received Import Request.
  Time since last request: 0.000316 seconds.
  path: Assets/_Projects/Fonts/CC Ultimatum Bold Italic.otf
  artifactKey: Guid(5566576fa2981554eb6cbde1a6311e42) Importer(815301076,1909f56bfc062723c751e8b465ee728b)
Start importing Assets/_Projects/Fonts/CC Ultimatum Bold Italic.otf using Guid(5566576fa2981554eb6cbde1a6311e42) Importer(815301076,1909f56bfc062723c751e8b465ee728b)  -> (artifact id: 'f74694af7abb4c418ed2518150493010') in 0.012276 seconds 
========================================================================
Received Import Request.
  Time since last request: 0.000294 seconds.
  path: Assets/_Projects/Fonts/CC Ultimatum Light.otf
  artifactKey: Guid(ef0c314241c667c48905986ef145b0a8) Importer(815301076,1909f56bfc062723c751e8b465ee728b)
Start importing Assets/_Projects/Fonts/CC Ultimatum Light.otf using Guid(ef0c314241c667c48905986ef145b0a8) Importer(815301076,1909f56bfc062723c751e8b465ee728b)  -> (artifact id: '054da83c97fdb9d20dd3aa9b15bf68b6') in 0.013105 seconds 
========================================================================
Received Import Request.
  Time since last request: 0.000380 seconds.
  path: Assets/External/TeraJet/Plugins/NiceVibration/Demos/_Common/Fonts/RobotoMono-Bold.ttf
  artifactKey: Guid(decbae9fc868432443f0f358dcc2267e) Importer(815301076,1909f56bfc062723c751e8b465ee728b)
Start importing Assets/External/TeraJet/Plugins/NiceVibration/Demos/_Common/Fonts/RobotoMono-Bold.ttf using Guid(decbae9fc868432443f0f358dcc2267e) Importer(815301076,1909f56bfc062723c751e8b465ee728b)  -> (artifact id: '87d6fd547b73e75b7ccfaaf5b60280b9') in 0.013237 seconds 
========================================================================
Received Import Request.
  Time since last request: 0.000306 seconds.
  path: Assets/_Projects/Fonts/CC Ultimatum Heavy Italic.otf
  artifactKey: Guid(e04259665e3bc3a4fa86ddff057774e1) Importer(815301076,1909f56bfc062723c751e8b465ee728b)
Start importing Assets/_Projects/Fonts/CC Ultimatum Heavy Italic.otf using Guid(e04259665e3bc3a4fa86ddff057774e1) Importer(815301076,1909f56bfc062723c751e8b465ee728b)  -> (artifact id: '0b1d81b4e536a4490a5f7924c5d225fe') in 0.013915 seconds 
========================================================================
Received Import Request.
  Time since last request: 0.000305 seconds.
  path: Assets/_Projects/Fonts/CC Ultimatum Regular.otf
  artifactKey: Guid(a0cefa452f6d52a489c89ba7c1197c92) Importer(815301076,1909f56bfc062723c751e8b465ee728b)
Start importing Assets/_Projects/Fonts/CC Ultimatum Regular.otf using Guid(a0cefa452f6d52a489c89ba7c1197c92) Importer(815301076,1909f56bfc062723c751e8b465ee728b)  -> (artifact id: '5cf049ad5db3c3ec0a0f573bd820ff5d') in 0.011786 seconds 
========================================================================
Received Import Request.
  Time since last request: 0.000362 seconds.
  path: Assets/External/TeraJet/Plugins/NiceVibration/Demos/_Common/Fonts/RobotoMono-Light.ttf
  artifactKey: Guid(8cde8221b6d21cea2bb3fb6277bd3946) Importer(815301076,1909f56bfc062723c751e8b465ee728b)
Start importing Assets/External/TeraJet/Plugins/NiceVibration/Demos/_Common/Fonts/RobotoMono-Light.ttf using Guid(8cde8221b6d21cea2bb3fb6277bd3946) Importer(815301076,1909f56bfc062723c751e8b465ee728b)  -> (artifact id: 'c8d3e36001a788bd80c6eb9efc2eae17') in 0.014350 seconds 
========================================================================
Received Import Request.
  Time since last request: 0.000310 seconds.
  path: Assets/External/TeraJet/Plugins/NiceVibration/Demos/_Common/Fonts/RobotoMono-Medium.ttf
  artifactKey: Guid(e57f8ff4752c456cc5b07c85e5167eb3) Importer(815301076,1909f56bfc062723c751e8b465ee728b)
Start importing Assets/External/TeraJet/Plugins/NiceVibration/Demos/_Common/Fonts/RobotoMono-Medium.ttf using Guid(e57f8ff4752c456cc5b07c85e5167eb3) Importer(815301076,1909f56bfc062723c751e8b465ee728b)  -> (artifact id: 'bfd60613050ae31e0e5097f89e51394b') in 0.011807 seconds 
========================================================================
Received Import Request.
  Time since last request: 0.000291 seconds.
  path: Assets/TextMesh Pro/Fonts/LiberationSans.ttf
  artifactKey: Guid(e3265ab4bf004d28a9537516768c1c75) Importer(815301076,1909f56bfc062723c751e8b465ee728b)
Start importing Assets/TextMesh Pro/Fonts/LiberationSans.ttf using Guid(e3265ab4bf004d28a9537516768c1c75) Importer(815301076,1909f56bfc062723c751e8b465ee728b)  -> (artifact id: '7c6eeea0dc6c996a61549b50f2c124ef') in 0.012869 seconds 
========================================================================
Received Import Request.
  Time since last request: 0.000273 seconds.
  path: Assets/_Projects/Fonts/CC Ultimatum Bold.otf
  artifactKey: Guid(49a2a42cb6443ed498280a368fd9f7db) Importer(815301076,1909f56bfc062723c751e8b465ee728b)
Start importing Assets/_Projects/Fonts/CC Ultimatum Bold.otf using Guid(49a2a42cb6443ed498280a368fd9f7db) Importer(815301076,1909f56bfc062723c751e8b465ee728b)  -> (artifact id: '9642b465a47883a3f06d53d1148a76be') in 0.012611 seconds 
========================================================================
Received Import Request.
  Time since last request: 0.000247 seconds.
  path: Assets/_Projects/Fonts/CC Ultimatum Light Italic.otf
  artifactKey: Guid(0b1ad0a575e4ab5498d2f46b171fa923) Importer(815301076,1909f56bfc062723c751e8b465ee728b)
Start importing Assets/_Projects/Fonts/CC Ultimatum Light Italic.otf using Guid(0b1ad0a575e4ab5498d2f46b171fa923) Importer(815301076,1909f56bfc062723c751e8b465ee728b)  -> (artifact id: 'b2119c67c675562c1344f2c4da596eee') in 0.012595 seconds 
========================================================================
Received Import Request.
  Time since last request: 0.000275 seconds.
  path: Assets/_Projects/Fonts/CC Ultimatum Heavy.otf
  artifactKey: Guid(25419ebd5dd4da443b40eb1469dbf281) Importer(815301076,1909f56bfc062723c751e8b465ee728b)
Start importing Assets/_Projects/Fonts/CC Ultimatum Heavy.otf using Guid(25419ebd5dd4da443b40eb1469dbf281) Importer(815301076,1909f56bfc062723c751e8b465ee728b)  -> (artifact id: '44147ac58aa721610d7523aaf32c2f4d') in 0.010967 seconds 
========================================================================
Received Import Request.
  Time since last request: 0.000275 seconds.
  path: Assets/External/TeraJet/Plugins/NiceVibration/Demos/_Common/Fonts/RobotoMono-Regular.ttf
  artifactKey: Guid(6b376561a0c0c53030819c79506863eb) Importer(815301076,1909f56bfc062723c751e8b465ee728b)
Start importing Assets/External/TeraJet/Plugins/NiceVibration/Demos/_Common/Fonts/RobotoMono-Regular.ttf using Guid(6b376561a0c0c53030819c79506863eb) Importer(815301076,1909f56bfc062723c751e8b465ee728b)  -> (artifact id: 'e9fd49c8fdbb64b7f5caa30dd6177853') in 0.012345 seconds 
========================================================================
Received Import Request.
  Time since last request: 300.126964 seconds.
  path: Assets/GoogleMobileAds/Editor/Resources/DummyAds/AdImages/300x250.png
  artifactKey: Guid(898f886a39d714db5b90d2c36676c894) Importer(815301076,1909f56bfc062723c751e8b465ee728b)
Start importing Assets/GoogleMobileAds/Editor/Resources/DummyAds/AdImages/300x250.png using Guid(898f886a39d714db5b90d2c36676c894) Importer(815301076,1909f56bfc062723c751e8b465ee728b)  -> (artifact id: '90800135242e27b132314c320c632aba') in 0.024109 seconds 
========================================================================
Received Import Request.
  Time since last request: 0.000315 seconds.
  path: Assets/GoogleMobileAds/Editor/Resources/DummyAds/AdImages/320x100.png
  artifactKey: Guid(1a2723ddf964e4565a408007ab387283) Importer(815301076,1909f56bfc062723c751e8b465ee728b)
Start importing Assets/GoogleMobileAds/Editor/Resources/DummyAds/AdImages/320x100.png using Guid(1a2723ddf964e4565a408007ab387283) Importer(815301076,1909f56bfc062723c751e8b465ee728b)  -> (artifact id: '9fb66a37048e6c245e3ce46f49156049') in 0.010744 seconds 
========================================================================
Received Import Request.
  Time since last request: 0.000278 seconds.
  path: Assets/GoogleMobileAds/Editor/Resources/DummyAds/AdImages/320x480.png
  artifactKey: Guid(77d9c04b43d404f44ab60d7159b279bb) Importer(815301076,1909f56bfc062723c751e8b465ee728b)
Start importing Assets/GoogleMobileAds/Editor/Resources/DummyAds/AdImages/320x480.png using Guid(77d9c04b43d404f44ab60d7159b279bb) Importer(815301076,1909f56bfc062723c751e8b465ee728b)  -> (artifact id: '234e0b50c42b593a2add131c8f47bd91') in 0.014248 seconds 
========================================================================
Received Import Request.
  Time since last request: 0.000351 seconds.
  path: Assets/GoogleMobileAds/Editor/Resources/DummyAds/AdImages/AdInspectorHome.png
  artifactKey: Guid(d271d6a1aed6848559ecad6252e333b1) Importer(815301076,1909f56bfc062723c751e8b465ee728b)
Start importing Assets/GoogleMobileAds/Editor/Resources/DummyAds/AdImages/AdInspectorHome.png using Guid(d271d6a1aed6848559ecad6252e333b1) Importer(815301076,1909f56bfc062723c751e8b465ee728b)  -> (artifact id: 'daeda3fc2f8210812d808793f7b9a1f4') in 0.027726 seconds 
========================================================================
Received Import Request.
  Time since last request: 0.000327 seconds.
  path: Assets/GoogleMobileAds/Editor/Resources/DummyAds/Rewarded/768x1024.prefab
  artifactKey: Guid(4e3dd9a9607da46da8125b4b59a18db2) Importer(815301076,1909f56bfc062723c751e8b465ee728b)
Start importing Assets/GoogleMobileAds/Editor/Resources/DummyAds/Rewarded/768x1024.prefab using Guid(4e3dd9a9607da46da8125b4b59a18db2) Importer(815301076,1909f56bfc062723c751e8b465ee728b)  -> (artifact id: 'c9763197da7c40d1000a1548c88cab92') in 0.012264 seconds 
========================================================================
Received Import Request.
  Time since last request: 0.000318 seconds.
  path: Assets/_Projects/Models/Gun/ASSAULTRIFLES/AK47-1.png
  artifactKey: Guid(189baecc6a608894ca37d28c8b908d01) Importer(815301076,1909f56bfc062723c751e8b465ee728b)
Start importing Assets/_Projects/Models/Gun/ASSAULTRIFLES/AK47-1.png using Guid(189baecc6a608894ca37d28c8b908d01) Importer(815301076,1909f56bfc062723c751e8b465ee728b)  -> (artifact id: '0c0d95a556ced726b6581162834d7557') in 0.027043 seconds 
========================================================================
Received Import Request.
  Time since last request: 0.000370 seconds.
  path: Assets/GoogleMobileAds/Editor/Resources/DummyAds/AdImages/320x50.png
  artifactKey: Guid(5a6531d4c9c484d679a2d6f9e6fefed5) Importer(815301076,1909f56bfc062723c751e8b465ee728b)
Start importing Assets/GoogleMobileAds/Editor/Resources/DummyAds/AdImages/320x50.png using Guid(5a6531d4c9c484d679a2d6f9e6fefed5) Importer(815301076,1909f56bfc062723c751e8b465ee728b)  -> (artifact id: '327a023ea03c045c8d4538458bfc673c') in 0.010219 seconds 
========================================================================
Received Import Request.
  Time since last request: 0.000278 seconds.
  path: Assets/GoogleMobileAds/Editor/Resources/DummyAds/AdImages/1024x768.png
  artifactKey: Guid(4c69db43dbd474a2987be5807129b4cc) Importer(815301076,1909f56bfc062723c751e8b465ee728b)
Start importing Assets/GoogleMobileAds/Editor/Resources/DummyAds/AdImages/1024x768.png using Guid(4c69db43dbd474a2987be5807129b4cc) Importer(815301076,1909f56bfc062723c751e8b465ee728b)  -> (artifact id: '291613e834f9135ed5d5479db848609d') in 0.019680 seconds 
========================================================================
Received Import Request.
  Time since last request: 0.000259 seconds.
  path: Assets/GoogleMobileAds/Editor/Resources/DummyAds/AppOpen/768x1024.prefab
  artifactKey: Guid(7d86e5c9e525f4fadbbea7ee54246b94) Importer(815301076,1909f56bfc062723c751e8b465ee728b)
Start importing Assets/GoogleMobileAds/Editor/Resources/DummyAds/AppOpen/768x1024.prefab using Guid(7d86e5c9e525f4fadbbea7ee54246b94) Importer(815301076,1909f56bfc062723c751e8b465ee728b)  -> (artifact id: '5b24db32c4ff5f7daca9b6608b421b29') in 0.004555 seconds 
========================================================================
Received Import Request.
  Time since last request: 0.000311 seconds.
  path: Assets/GoogleMobileAds/Editor/Resources/DummyAds/Rewarded/1024x768.prefab
  artifactKey: Guid(ac0a546bb4fb349229fc5824b288ec00) Importer(815301076,1909f56bfc062723c751e8b465ee728b)
Start importing Assets/GoogleMobileAds/Editor/Resources/DummyAds/Rewarded/1024x768.prefab using Guid(ac0a546bb4fb349229fc5824b288ec00) Importer(815301076,1909f56bfc062723c751e8b465ee728b)  -> (artifact id: 'b44e053c24a5691c4b5ceb569089bfce') in 0.004423 seconds 
========================================================================
Received Import Request.
  Time since last request: 0.000265 seconds.
  path: Assets/GoogleMobileAds/Editor/Resources/DummyAds/AdImages/468x60.png
  artifactKey: Guid(74358f5fb13a549aabac4a5a7ac76739) Importer(815301076,1909f56bfc062723c751e8b465ee728b)
Start importing Assets/GoogleMobileAds/Editor/Resources/DummyAds/AdImages/468x60.png using Guid(74358f5fb13a549aabac4a5a7ac76739) Importer(815301076,1909f56bfc062723c751e8b465ee728b)  -> (artifact id: 'a4ae601feb7bbea2aa640341ac25a61d') in 0.010720 seconds 
========================================================================
Received Import Request.
  Time since last request: 0.000243 seconds.
  path: Assets/GoogleMobileAds/Editor/Resources/DummyAds/AdInspector/768x1024.prefab
  artifactKey: Guid(d09dfea4c722a4e239e771200d3639cc) Importer(815301076,1909f56bfc062723c751e8b465ee728b)
Start importing Assets/GoogleMobileAds/Editor/Resources/DummyAds/AdInspector/768x1024.prefab using Guid(d09dfea4c722a4e239e771200d3639cc) Importer(815301076,1909f56bfc062723c751e8b465ee728b)  -> (artifact id: '99c82553675b04aa3facef6cfb5783c0') in 0.004637 seconds 
========================================================================
Received Import Request.
  Time since last request: 0.000254 seconds.
  path: Assets/GoogleMobileAds/Editor/Resources/DummyAds/AppOpen/1024x768.prefab
  artifactKey: Guid(30454d768d0994255b52eafa89dad8e2) Importer(815301076,1909f56bfc062723c751e8b465ee728b)
Start importing Assets/GoogleMobileAds/Editor/Resources/DummyAds/AppOpen/1024x768.prefab using Guid(30454d768d0994255b52eafa89dad8e2) Importer(815301076,1909f56bfc062723c751e8b465ee728b)  -> (artifact id: '515b4103cfb602f7949d6f769b32878a') in 0.004581 seconds 
========================================================================
Received Import Request.
  Time since last request: 0.000320 seconds.
  path: Assets/GoogleMobileAds/Editor/Resources/DummyAds/AdImages/480x320.png
  artifactKey: Guid(d30303c99ba3f4b9b9924da34e6d742d) Importer(815301076,1909f56bfc062723c751e8b465ee728b)
Start importing Assets/GoogleMobileAds/Editor/Resources/DummyAds/AdImages/480x320.png using Guid(d30303c99ba3f4b9b9924da34e6d742d) Importer(815301076,1909f56bfc062723c751e8b465ee728b)  -> (artifact id: '048984a9e17ebab2b6e025297244923a') in 0.012546 seconds 
========================================================================
Received Import Request.
  Time since last request: 0.000290 seconds.
  path: Assets/GoogleMobileAds/Editor/Resources/DummyAds/AdImages/728x90.png
  artifactKey: Guid(cfead63ff9d9d48e2b4ba3c2dee7cea9) Importer(815301076,1909f56bfc062723c751e8b465ee728b)
Start importing Assets/GoogleMobileAds/Editor/Resources/DummyAds/AdImages/728x90.png using Guid(cfead63ff9d9d48e2b4ba3c2dee7cea9) Importer(815301076,1909f56bfc062723c751e8b465ee728b)  -> (artifact id: '1ed7774c17dc22c1dc4f12c73f5c9c35') in 0.010363 seconds 
========================================================================
Received Import Request.
  Time since last request: 0.000649 seconds.
  path: Assets/_Projects/Scripts/Manager/Sound/GunSimulatorSFX/ak47.wav
  artifactKey: Guid(af443d1bef207a942bc0024656a1f10a) Importer(815301076,1909f56bfc062723c751e8b465ee728b)
Start importing Assets/_Projects/Scripts/Manager/Sound/GunSimulatorSFX/ak47.wav using Guid(af443d1bef207a942bc0024656a1f10a) Importer(815301076,1909f56bfc062723c751e8b465ee728b)  -> (artifact id: '9abc4bc58f2ca1c3426c09d4cf6d65c3') in 0.047220 seconds 
========================================================================
Received Import Request.
  Time since last request: 0.000248 seconds.
  path: Assets/GoogleMobileAds/Editor/Resources/DummyAds/Banners/ADAPTIVE.prefab
  artifactKey: Guid(b2a3ea2f1837847d9981501e0eeca085) Importer(815301076,1909f56bfc062723c751e8b465ee728b)
Start importing Assets/GoogleMobileAds/Editor/Resources/DummyAds/Banners/ADAPTIVE.prefab using Guid(b2a3ea2f1837847d9981501e0eeca085) Importer(815301076,1909f56bfc062723c751e8b465ee728b)  -> (artifact id: '4771a961102f08a736d9a13710a9a81c') in 0.004450 seconds 
========================================================================
Received Import Request.
  Time since last request: 0.000400 seconds.
  path: Assets/_Projects/Models/Gun-v2+skin/ASSAULTRIFLES/AK47-2.png
  artifactKey: Guid(5939e16a261b9a64ea10ee9deabf52bd) Importer(815301076,1909f56bfc062723c751e8b465ee728b)
Start importing Assets/_Projects/Models/Gun-v2+skin/ASSAULTRIFLES/AK47-2.png using Guid(5939e16a261b9a64ea10ee9deabf52bd) Importer(815301076,1909f56bfc062723c751e8b465ee728b)  -> (artifact id: '91656a034ad47440ca4778d0fe77fccc') in 0.017264 seconds 
========================================================================
Received Import Request.
  Time since last request: 0.000261 seconds.
  path: Assets/GoogleMobileAds/Editor/Resources/DummyAds/AdImages/768x1024.png
  artifactKey: Guid(8a53f9c63a5e94b14a98698a7b07365b) Importer(815301076,1909f56bfc062723c751e8b465ee728b)
Start importing Assets/GoogleMobileAds/Editor/Resources/DummyAds/AdImages/768x1024.png using Guid(8a53f9c63a5e94b14a98698a7b07365b) Importer(815301076,1909f56bfc062723c751e8b465ee728b)  -> (artifact id: 'c620495b2443557fd0c32cb95952c816') in 0.012412 seconds 
========================================================================
Received Import Request.
  Time since last request: 0.000282 seconds.
  path: Assets/GoogleMobileAds/Editor/Resources/DummyAds/Interstitials/768x1024.prefab
  artifactKey: Guid(9e579ef4793d34e79be6a216c0b67d78) Importer(815301076,1909f56bfc062723c751e8b465ee728b)
Start importing Assets/GoogleMobileAds/Editor/Resources/DummyAds/Interstitials/768x1024.prefab using Guid(9e579ef4793d34e79be6a216c0b67d78) Importer(815301076,1909f56bfc062723c751e8b465ee728b)  -> (artifact id: '4ba176df09f4c8413be6a1fba249ad19') in 0.005094 seconds 
========================================================================
Received Import Request.
  Time since last request: 0.000275 seconds.
  path: Assets/GoogleMobileAds/Editor/Resources/DummyAds/Interstitials/1024x768.prefab
  artifactKey: Guid(53084846ca7a14a878485a5db71fda00) Importer(815301076,1909f56bfc062723c751e8b465ee728b)
Start importing Assets/GoogleMobileAds/Editor/Resources/DummyAds/Interstitials/1024x768.prefab using Guid(53084846ca7a14a878485a5db71fda00) Importer(815301076,1909f56bfc062723c751e8b465ee728b)  -> (artifact id: 'f4c94d1fb92581f66c687d359eadab2f') in 0.004665 seconds 
========================================================================
Received Import Request.
  Time since last request: 167.590249 seconds.
  path: Assets/_Projects/Scripts/Manager/SplashController.cs
  artifactKey: Guid(718607ef9d36a0f4f8ad909d1cc5b1b6) Importer(815301076,1909f56bfc062723c751e8b465ee728b)
Start importing Assets/_Projects/Scripts/Manager/SplashController.cs using Guid(718607ef9d36a0f4f8ad909d1cc5b1b6) Importer(815301076,1909f56bfc062723c751e8b465ee728b)  -> (artifact id: '468492817fdabf5bddaad5461d5b3ede') in 0.005976 seconds 
========================================================================
Received Prepare
Refreshing native plugins compatible for Editor in 41.54 ms, found 6 plugins.
Preloading 0 native plugins for Editor in 0.00 ms.
Unloading 249 Unused Serialized files (Serialized files now loaded: 0)
System memory in use before: 73.2 MB.
System memory in use after: 73.4 MB.

Unloading 250 unused Assets to reduce memory usage. Loaded Objects now: 3138.
Total: 5.999500 ms (FindLiveObjects: 0.175300 ms CreateObjectMapping: 0.103000 ms MarkObjects: 5.653100 ms  DeleteObjects: 0.067500 ms)

AssetImportParameters requested are different than current active one (requested -> active):
  custom:framework-win-MediaFoundation: 216162199b28c13a410421893ffa2e32 -> 
  custom:video-decoder-ogg-theora: a1e56fd34408186e4bbccfd4996cb3dc -> 
  custom:container-muxer-webm: aa71ff27fc2769a1b78a27578f13a17b -> 
  custom:container-demuxer-webm: 4f35f7cbe854078d1ac9338744f61a02 -> 
  custom:container-demuxer-ogg: 62fdf1f143b41e24485cea50d1cbac27 -> 
  custom:video-encoder-webm-vp8: eb34c28f22e8b96e1ab97ce403110664 -> 
  custom:video-codec-MediaFoundation-h265: 746d11721c4dcdbdad8f713fa42b33f4 -> 
  custom:video-decoder-webm-vp8: 9c59270c3fd7afecdb556c50c9e8de78 -> 
  custom:audio-decoder-ogg-vorbis: bf7c407c2cedff20999df2af8eb42d56 -> 
  custom:audio-encoder-webm-vorbis: bf7c407c2cedff20999df2af8eb42d56 -> 
========================================================================
Received Prepare
Registering precompiled user dll's ...
Registered in 0.018953 seconds.
Begin MonoManager ReloadAssembly
Native extension for WindowsStandalone target not found
Refreshing native plugins compatible for Editor in 3.30 ms, found 6 plugins.
Preloading 0 native plugins for Editor in 0.00 ms.
Mono: successfully reloaded assembly
- Completed reload, in  1.593 seconds
Domain Reload Profiling:
	ReloadAssembly (1594ms)
		BeginReloadAssembly (182ms)
			ExecutionOrderSort (0ms)
			DisableScriptedObjects (7ms)
			BackupInstance (0ms)
			ReleaseScriptingObjects (0ms)
			CreateAndSetChildDomain (87ms)
		EndReloadAssembly (1306ms)
			LoadAssemblies (133ms)
			RebuildTransferFunctionScriptingTraits (0ms)
			SetupTypeCache (349ms)
			ReleaseScriptCaches (1ms)
			RebuildScriptCaches (54ms)
			SetupLoadedEditorAssemblies (687ms)
				LogAssemblyErrors (0ms)
				InitializePlatformSupportModulesInManaged (4ms)
				SetLoadedEditorAssemblies (1ms)
				RefreshPlugins (3ms)
				BeforeProcessingInitializeOnLoad (93ms)
				ProcessInitializeOnLoadAttributes (567ms)
				ProcessInitializeOnLoadMethodAttributes (16ms)
				AfterProcessingInitializeOnLoad (2ms)
				EditorAssembliesLoaded (0ms)
			ExecutionOrderSort2 (0ms)
			AwakeInstancesAfterBackupRestoration (5ms)
Platform modules already initialized, skipping
Switching build target platform(19) subTarget(0) extendedPlatform(0) -> platform(13) subTarget(537395200) extendedPlatform(0)
Refreshing native plugins compatible for Editor in 1.94 ms, found 6 plugins.
Preloading 0 native plugins for Editor in 0.00 ms.
Unloading 2978 Unused Serialized files (Serialized files now loaded: 0)
System memory in use before: 128.2 MB.
System memory in use after: 128.4 MB.

Unloading 538 unused Assets to reduce memory usage. Loaded Objects now: 3141.
Total: 3.573000 ms (FindLiveObjects: 0.215000 ms CreateObjectMapping: 0.128800 ms MarkObjects: 3.025500 ms  DeleteObjects: 0.203000 ms)

AssetImportParameters requested are different than current active one (requested -> active):
  custom:framework-win-MediaFoundation: 216162199b28c13a410421893ffa2e32 -> 
  custom:video-decoder-ogg-theora: a1e56fd34408186e4bbccfd4996cb3dc -> 
  custom:container-muxer-webm: aa71ff27fc2769a1b78a27578f13a17b -> 
  custom:container-demuxer-webm: 4f35f7cbe854078d1ac9338744f61a02 -> 
  custom:container-demuxer-ogg: 62fdf1f143b41e24485cea50d1cbac27 -> 
  custom:video-encoder-webm-vp8: eb34c28f22e8b96e1ab97ce403110664 -> 
  custom:video-codec-MediaFoundation-h265: 746d11721c4dcdbdad8f713fa42b33f4 -> 
  custom:video-decoder-webm-vp8: 9c59270c3fd7afecdb556c50c9e8de78 -> 
  custom:graphics/normal-map-encoding: 01000000000000000000000000000000 -> 02000000000000000000000000000000
  custom:audio-decoder-ogg-vorbis: bf7c407c2cedff20999df2af8eb42d56 -> 
  custom:audio-encoder-webm-vorbis: bf7c407c2cedff20999df2af8eb42d56 -> 
========================================================================
Received Prepare
Registering precompiled user dll's ...
Registered in 0.025327 seconds.
Begin MonoManager ReloadAssembly
Native extension for WindowsStandalone target not found
Refreshing native plugins compatible for Editor in 2.64 ms, found 6 plugins.
Preloading 0 native plugins for Editor in 0.00 ms.
Mono: successfully reloaded assembly
- Completed reload, in  1.427 seconds
Domain Reload Profiling:
	ReloadAssembly (1427ms)
		BeginReloadAssembly (127ms)
			ExecutionOrderSort (0ms)
			DisableScriptedObjects (6ms)
			BackupInstance (0ms)
			ReleaseScriptingObjects (0ms)
			CreateAndSetChildDomain (53ms)
		EndReloadAssembly (1240ms)
			LoadAssemblies (108ms)
			RebuildTransferFunctionScriptingTraits (0ms)
			SetupTypeCache (329ms)
			ReleaseScriptCaches (1ms)
			RebuildScriptCaches (55ms)
			SetupLoadedEditorAssemblies (649ms)
				LogAssemblyErrors (0ms)
				InitializePlatformSupportModulesInManaged (4ms)
				SetLoadedEditorAssemblies (1ms)
				RefreshPlugins (3ms)
				BeforeProcessingInitializeOnLoad (90ms)
				ProcessInitializeOnLoadAttributes (535ms)
				ProcessInitializeOnLoadMethodAttributes (15ms)
				AfterProcessingInitializeOnLoad (2ms)
				EditorAssembliesLoaded (0ms)
			ExecutionOrderSort2 (0ms)
			AwakeInstancesAfterBackupRestoration (4ms)
Platform modules already initialized, skipping
Switching build target platform(19) subTarget(0) extendedPlatform(0) -> platform(13) subTarget(537395200) extendedPlatform(0)
Refreshing native plugins compatible for Editor in 1.93 ms, found 6 plugins.
Preloading 0 native plugins for Editor in 0.00 ms.
Unloading 2978 Unused Serialized files (Serialized files now loaded: 0)
System memory in use before: 128.2 MB.
System memory in use after: 128.4 MB.

Unloading 538 unused Assets to reduce memory usage. Loaded Objects now: 3144.
Total: 3.459900 ms (FindLiveObjects: 0.232200 ms CreateObjectMapping: 0.123600 ms MarkObjects: 2.925600 ms  DeleteObjects: 0.177800 ms)

AssetImportParameters requested are different than current active one (requested -> active):
  custom:framework-win-MediaFoundation: 216162199b28c13a410421893ffa2e32 -> 
  custom:video-decoder-ogg-theora: a1e56fd34408186e4bbccfd4996cb3dc -> 
  custom:container-muxer-webm: aa71ff27fc2769a1b78a27578f13a17b -> 
  custom:container-demuxer-webm: 4f35f7cbe854078d1ac9338744f61a02 -> 
  custom:container-demuxer-ogg: 62fdf1f143b41e24485cea50d1cbac27 -> 
  custom:video-encoder-webm-vp8: eb34c28f22e8b96e1ab97ce403110664 -> 
  custom:video-codec-MediaFoundation-h265: 746d11721c4dcdbdad8f713fa42b33f4 -> 
  custom:video-decoder-webm-vp8: 9c59270c3fd7afecdb556c50c9e8de78 -> 
  custom:graphics/normal-map-encoding: 01000000000000000000000000000000 -> 02000000000000000000000000000000
  custom:audio-decoder-ogg-vorbis: bf7c407c2cedff20999df2af8eb42d56 -> 
  custom:audio-encoder-webm-vorbis: bf7c407c2cedff20999df2af8eb42d56 -> 
========================================================================
Received Prepare
Registering precompiled user dll's ...
Registered in 0.022302 seconds.
Begin MonoManager ReloadAssembly
Native extension for WindowsStandalone target not found
Refreshing native plugins compatible for Editor in 2.65 ms, found 6 plugins.
Preloading 0 native plugins for Editor in 0.00 ms.
Mono: successfully reloaded assembly
- Completed reload, in  1.590 seconds
Domain Reload Profiling:
	ReloadAssembly (1590ms)
		BeginReloadAssembly (130ms)
			ExecutionOrderSort (0ms)
			DisableScriptedObjects (7ms)
			BackupInstance (0ms)
			ReleaseScriptingObjects (0ms)
			CreateAndSetChildDomain (46ms)
		EndReloadAssembly (1402ms)
			LoadAssemblies (128ms)
			RebuildTransferFunctionScriptingTraits (0ms)
			SetupTypeCache (357ms)
			ReleaseScriptCaches (1ms)
			RebuildScriptCaches (61ms)
			SetupLoadedEditorAssemblies (743ms)
				LogAssemblyErrors (0ms)
				InitializePlatformSupportModulesInManaged (5ms)
				SetLoadedEditorAssemblies (1ms)
				RefreshPlugins (3ms)
				BeforeProcessingInitializeOnLoad (97ms)
				ProcessInitializeOnLoadAttributes (617ms)
				ProcessInitializeOnLoadMethodAttributes (19ms)
				AfterProcessingInitializeOnLoad (2ms)
				EditorAssembliesLoaded (0ms)
			ExecutionOrderSort2 (0ms)
			AwakeInstancesAfterBackupRestoration (5ms)
Platform modules already initialized, skipping
Switching build target platform(19) subTarget(0) extendedPlatform(0) -> platform(13) subTarget(537395200) extendedPlatform(0)
Refreshing native plugins compatible for Editor in 2.32 ms, found 6 plugins.
Preloading 0 native plugins for Editor in 0.00 ms.
Unloading 2978 Unused Serialized files (Serialized files now loaded: 0)
System memory in use before: 128.2 MB.
System memory in use after: 128.4 MB.

Unloading 538 unused Assets to reduce memory usage. Loaded Objects now: 3147.
Total: 3.862600 ms (FindLiveObjects: 0.271800 ms CreateObjectMapping: 0.162500 ms MarkObjects: 3.165100 ms  DeleteObjects: 0.262300 ms)

AssetImportParameters requested are different than current active one (requested -> active):
  custom:framework-win-MediaFoundation: 216162199b28c13a410421893ffa2e32 -> 
  custom:video-decoder-ogg-theora: a1e56fd34408186e4bbccfd4996cb3dc -> 
  custom:container-muxer-webm: aa71ff27fc2769a1b78a27578f13a17b -> 
  custom:container-demuxer-webm: 4f35f7cbe854078d1ac9338744f61a02 -> 
  custom:container-demuxer-ogg: 62fdf1f143b41e24485cea50d1cbac27 -> 
  custom:video-encoder-webm-vp8: eb34c28f22e8b96e1ab97ce403110664 -> 
  custom:video-codec-MediaFoundation-h265: 746d11721c4dcdbdad8f713fa42b33f4 -> 
  custom:video-decoder-webm-vp8: 9c59270c3fd7afecdb556c50c9e8de78 -> 
  custom:graphics/normal-map-encoding: 01000000000000000000000000000000 -> 02000000000000000000000000000000
  custom:audio-decoder-ogg-vorbis: bf7c407c2cedff20999df2af8eb42d56 -> 
  custom:audio-encoder-webm-vorbis: bf7c407c2cedff20999df2af8eb42d56 -> 
========================================================================
Received Import Request.
  Time since last request: 254.939823 seconds.
  path: Assets/_Projects/Resources/GunHolder/GunHolder_1.prefab
  artifactKey: Guid(01c6ebe5d6417bd448708ee0a2b6bdcd) Importer(815301076,1909f56bfc062723c751e8b465ee728b)
Start importing Assets/_Projects/Resources/GunHolder/GunHolder_1.prefab using Guid(01c6ebe5d6417bd448708ee0a2b6bdcd) Importer(815301076,1909f56bfc062723c751e8b465ee728b)  -> (artifact id: '68c3b75ef67e3849ab5b77d7932c6114') in 0.039807 seconds 
========================================================================
Received Prepare
Registering precompiled user dll's ...
Registered in 0.020886 seconds.
Begin MonoManager ReloadAssembly
Native extension for WindowsStandalone target not found
Refreshing native plugins compatible for Editor in 2.66 ms, found 6 plugins.
Preloading 0 native plugins for Editor in 0.00 ms.
Mono: successfully reloaded assembly
- Completed reload, in  1.527 seconds
Domain Reload Profiling:
	ReloadAssembly (1527ms)
		BeginReloadAssembly (125ms)
			ExecutionOrderSort (0ms)
			DisableScriptedObjects (7ms)
			BackupInstance (0ms)
			ReleaseScriptingObjects (0ms)
			CreateAndSetChildDomain (44ms)
		EndReloadAssembly (1344ms)
			LoadAssemblies (121ms)
			RebuildTransferFunctionScriptingTraits (0ms)
			SetupTypeCache (349ms)
			ReleaseScriptCaches (1ms)
			RebuildScriptCaches (59ms)
			SetupLoadedEditorAssemblies (704ms)
				LogAssemblyErrors (0ms)
				InitializePlatformSupportModulesInManaged (4ms)
				SetLoadedEditorAssemblies (1ms)
				RefreshPlugins (3ms)
				BeforeProcessingInitializeOnLoad (100ms)
				ProcessInitializeOnLoadAttributes (578ms)
				ProcessInitializeOnLoadMethodAttributes (16ms)
				AfterProcessingInitializeOnLoad (2ms)
				EditorAssembliesLoaded (0ms)
			ExecutionOrderSort2 (0ms)
			AwakeInstancesAfterBackupRestoration (5ms)
Platform modules already initialized, skipping
Switching build target platform(19) subTarget(0) extendedPlatform(0) -> platform(13) subTarget(537395200) extendedPlatform(0)
Refreshing native plugins compatible for Editor in 2.01 ms, found 6 plugins.
Preloading 0 native plugins for Editor in 0.00 ms.
Unloading 2977 Unused Serialized files (Serialized files now loaded: 0)
System memory in use before: 128.1 MB.
System memory in use after: 128.3 MB.

Unloading 538 unused Assets to reduce memory usage. Loaded Objects now: 3150.
Total: 4.327700 ms (FindLiveObjects: 0.208700 ms CreateObjectMapping: 0.120200 ms MarkObjects: 3.705100 ms  DeleteObjects: 0.292300 ms)

AssetImportParameters requested are different than current active one (requested -> active):
  custom:framework-win-MediaFoundation: 216162199b28c13a410421893ffa2e32 -> 
  custom:video-decoder-ogg-theora: a1e56fd34408186e4bbccfd4996cb3dc -> 
  custom:container-muxer-webm: aa71ff27fc2769a1b78a27578f13a17b -> 
  custom:container-demuxer-webm: 4f35f7cbe854078d1ac9338744f61a02 -> 
  custom:container-demuxer-ogg: 62fdf1f143b41e24485cea50d1cbac27 -> 
  custom:video-encoder-webm-vp8: eb34c28f22e8b96e1ab97ce403110664 -> 
  custom:video-codec-MediaFoundation-h265: 746d11721c4dcdbdad8f713fa42b33f4 -> 
  custom:video-decoder-webm-vp8: 9c59270c3fd7afecdb556c50c9e8de78 -> 
  custom:graphics/normal-map-encoding: 01000000000000000000000000000000 -> 02000000000000000000000000000000
  custom:audio-decoder-ogg-vorbis: bf7c407c2cedff20999df2af8eb42d56 -> 
  custom:audio-encoder-webm-vorbis: bf7c407c2cedff20999df2af8eb42d56 -> 
========================================================================
Received Prepare
Registering precompiled user dll's ...
Registered in 0.020520 seconds.
Begin MonoManager ReloadAssembly
Native extension for WindowsStandalone target not found
Refreshing native plugins compatible for Editor in 2.04 ms, found 6 plugins.
Preloading 0 native plugins for Editor in 0.00 ms.
Mono: successfully reloaded assembly
- Completed reload, in  1.430 seconds
Domain Reload Profiling:
	ReloadAssembly (1430ms)
		BeginReloadAssembly (117ms)
			ExecutionOrderSort (0ms)
			DisableScriptedObjects (6ms)
			BackupInstance (0ms)
			ReleaseScriptingObjects (0ms)
			CreateAndSetChildDomain (39ms)
		EndReloadAssembly (1251ms)
			LoadAssemblies (114ms)
			RebuildTransferFunctionScriptingTraits (0ms)
			SetupTypeCache (324ms)
			ReleaseScriptCaches (1ms)
			RebuildScriptCaches (55ms)
			SetupLoadedEditorAssemblies (657ms)
				LogAssemblyErrors (0ms)
				InitializePlatformSupportModulesInManaged (4ms)
				SetLoadedEditorAssemblies (1ms)
				RefreshPlugins (2ms)
				BeforeProcessingInitializeOnLoad (92ms)
				ProcessInitializeOnLoadAttributes (537ms)
				ProcessInitializeOnLoadMethodAttributes (18ms)
				AfterProcessingInitializeOnLoad (2ms)
				EditorAssembliesLoaded (0ms)
			ExecutionOrderSort2 (0ms)
			AwakeInstancesAfterBackupRestoration (4ms)
Platform modules already initialized, skipping
Switching build target platform(19) subTarget(0) extendedPlatform(0) -> platform(13) subTarget(537395200) extendedPlatform(0)
Refreshing native plugins compatible for Editor in 2.20 ms, found 6 plugins.
Preloading 0 native plugins for Editor in 0.00 ms.
Unloading 2978 Unused Serialized files (Serialized files now loaded: 0)
System memory in use before: 128.2 MB.
System memory in use after: 128.4 MB.

Unloading 538 unused Assets to reduce memory usage. Loaded Objects now: 3153.
Total: 3.892400 ms (FindLiveObjects: 0.306500 ms CreateObjectMapping: 0.120300 ms MarkObjects: 3.282100 ms  DeleteObjects: 0.182700 ms)

AssetImportParameters requested are different than current active one (requested -> active):
  custom:framework-win-MediaFoundation: 216162199b28c13a410421893ffa2e32 -> 
  custom:video-decoder-ogg-theora: a1e56fd34408186e4bbccfd4996cb3dc -> 
  custom:container-muxer-webm: aa71ff27fc2769a1b78a27578f13a17b -> 
  custom:container-demuxer-webm: 4f35f7cbe854078d1ac9338744f61a02 -> 
  custom:container-demuxer-ogg: 62fdf1f143b41e24485cea50d1cbac27 -> 
  custom:video-encoder-webm-vp8: eb34c28f22e8b96e1ab97ce403110664 -> 
  custom:video-codec-MediaFoundation-h265: 746d11721c4dcdbdad8f713fa42b33f4 -> 
  custom:video-decoder-webm-vp8: 9c59270c3fd7afecdb556c50c9e8de78 -> 
  custom:graphics/normal-map-encoding: 01000000000000000000000000000000 -> 02000000000000000000000000000000
  custom:audio-decoder-ogg-vorbis: bf7c407c2cedff20999df2af8eb42d56 -> 
  custom:audio-encoder-webm-vorbis: bf7c407c2cedff20999df2af8eb42d56 -> 
AssetImportWorkerClient::OnTransportError - code=2 error=End of file
